geotag-camera-lib/build/intermediates/manifest_merge_blame_file/release/manifest-merger-blame-release-report.txt
1<?xml version="1.0" encoding="utf-8"?>
2<manifest xmlns:android="http://schemas.android.com/apk/res/android"
3    package="com.example.geotagcamera" >
4
5    <uses-sdk android:minSdkVersion="24" />
6
7    <uses-feature
7-->src\main\AndroidManifest.xml:4:5-84
8        android:name="android.hardware.camera"
8-->src\main\AndroidManifest.xml:4:19-57
9        android:required="true" />
9-->src\main\AndroidManifest.xml:4:58-81
10
11    <uses-permission android:name="android.permission.CAMERA" />
11-->src\main\AndroidManifest.xml:6:5-65
11-->src\main\AndroidManifest.xml:6:22-62
12    <uses-permission android:name="android.permission.ACCESS_FINE_LOCATION" />
12-->src\main\AndroidManifest.xml:7:5-79
12-->src\main\AndroidManifest.xml:7:22-76
13    <uses-permission android:name="android.permission.ACCESS_COARSE_LOCATION" />
13-->src\main\AndroidManifest.xml:8:5-81
13-->src\main\AndroidManifest.xml:8:22-78
14    <uses-permission android:name="android.permission.INTERNET" />
14-->src\main\AndroidManifest.xml:9:5-67
14-->src\main\AndroidManifest.xml:9:22-64
15    <uses-permission
15-->src\main\AndroidManifest.xml:10:5-107
16        android:name="android.permission.READ_EXTERNAL_STORAGE"
16-->src\main\AndroidManifest.xml:10:22-77
17        android:maxSdkVersion="32" />
17-->src\main\AndroidManifest.xml:10:78-104
18    <uses-permission
18-->src\main\AndroidManifest.xml:11:5-108
19        android:name="android.permission.WRITE_EXTERNAL_STORAGE"
19-->src\main\AndroidManifest.xml:11:22-78
20        android:maxSdkVersion="32" />
20-->src\main\AndroidManifest.xml:11:79-105
21    <uses-permission android:name="android.permission.READ_MEDIA_IMAGES" />
21-->src\main\AndroidManifest.xml:12:5-76
21-->src\main\AndroidManifest.xml:12:22-73
22    <uses-permission android:name="android.permission.VIBRATE" />
22-->src\main\AndroidManifest.xml:13:5-66
22-->src\main\AndroidManifest.xml:13:22-63
23
24    <application>
24-->src\main\AndroidManifest.xml:15:5-21:19
25        <activity
25-->src\main\AndroidManifest.xml:16:9-20:66
26            android:name="com.example.geotagcamera.CustomCameraActivity"
26-->src\main\AndroidManifest.xml:17:13-49
27            android:exported="true"
27-->src\main\AndroidManifest.xml:18:13-36
28            android:screenOrientation="portrait"
28-->src\main\AndroidManifest.xml:19:13-49
29            android:theme="@style/Theme.AppCompat.NoActionBar" />
29-->src\main\AndroidManifest.xml:20:13-63
30    </application>
31
32</manifest>